139728381338560 10/19/23 13:44:222:refw.cpp:main:43:[DriverCommunicator - ENTER]
139728381338560 10/19/23 13:44:220:refw.cpp:main:47:[argc Error - Missing NBD Device Path]
140151635366848 10/19/23 13:47:342:refw.cpp:main:43:[DriverCommunicator - ENTER]
140151635366848 10/19/23 13:47:340:refw.cpp:main:47:[argc Error - Missing NBD Device Path]
140283441091520 10/19/23 14:03:202:refw.cpp:main:43:[DriverCommunicator - ENTER]
140283441091520 10/19/23 14:03:200:refw.cpp:main:47:[argc Error - Missing NBD Device Path]
139906826060736 10/19/23 14:03:292:refw.cpp:main:43:[DriverCommunicator - ENTER]
139906826060736 10/19/23 14:03:290:drive_communicator.cpp:NBDDriverCommunicator:72:[driver communicator- Failed to open device_path]
139906826060736 10/19/23 14:03:290:refw.cpp:InitDevice:117:[Failed to open device_path
]
139835595899840 10/19/23 14:41:582:refw.cpp:main:44:[DriverCommunicator - ENTER]
139835595899840 10/19/23 14:41:580:drive_communicator.cpp:NBDDriverCommunicator:72:[driver communicator- Failed to open device_path]
139835595899840 10/19/23 14:41:580:refw.cpp:InitDevice:125:[Failed to open device_path
]
139757208429504 10/19/23 14:43:462:refw.cpp:main:44:[DriverCommunicator - ENTER]
139757208429504 10/19/23 14:43:460:drive_communicator.cpp:NBDDriverCommunicator:72:[driver communicator- Failed to open device_path]
139757208429504 10/19/23 14:43:460:refw.cpp:InitDevice:125:[Failed to open device_path
]
139674031797184 10/19/23 14:44:302:refw.cpp:main:44:[DriverCommunicator - ENTER]
139674031797184 10/19/23 14:44:300:drive_communicator.cpp:NBDDriverCommunicator:72:[driver communicator- Failed to open device_path]
139674031797184 10/19/23 14:44:300:refw.cpp:InitDevice:125:[Failed to open device_path
]
140095651812288 10/19/23 14:50:062:refw.cpp:main:44:[DriverCommunicator - ENTER]
140095651812288 10/19/23 14:50:060:drive_communicator.cpp:NBDDriverCommunicator:72:[driver communicator- Failed to open device_path]
140095651812288 10/19/23 14:50:060:refw.cpp:InitDevice:125:[Failed to open device_path
]
140707930190784 10/19/23 14:54:492:refw.cpp:main:44:[DriverCommunicator - ENTER]
140707930190784 10/19/23 14:54:490:drive_communicator.cpp:NBDDriverCommunicator:72:[driver communicator- Failed to open device_path]
140707930190784 10/19/23 14:54:490:refw.cpp:InitDevice:125:[Failed to open device_path
]
139691538621376 10/19/23 15:04:092:refw.cpp:main:44:[DriverCommunicator - ENTER]
139691538621376 10/19/23 15:04:090:drive_communicator.cpp:NBDDriverCommunicator:72:[driver communicator- Failed to open device_path]
139691538621376 10/19/23 15:04:090:refw.cpp:InitDevice:125:[Failed to open device_path
]
139794276180928 10/19/23 15:05:562:refw.cpp:main:44:[DriverCommunicator - ENTER]
139794276180928 10/19/23 15:05:560:drive_communicator.cpp:NBDDriverCommunicator:72:[driver communicator- Failed to open device_path]
139794276180928 10/19/23 15:05:560:refw.cpp:InitDevice:125:[Failed to open device_path
]
140639380014912 10/22/23 10:54:282:./test/refw_test.cpp:main:44:[DriverCommunicator - ENTER]
140639380014912 10/22/23 10:54:280:./test/refw_test.cpp:main:48:[argc Error - Missing NBD Device Path]
139635123042112 10/22/23 10:55:192:./test/refw_test.cpp:main:44:[DriverCommunicator - ENTER]
139635123042112 10/22/23 10:55:190:./test/refw_test.cpp:main:48:[argc Error - Missing NBD Device Path]
140608717293376 10/22/23 10:59:002:./test/refw_test.cpp:main:44:[DriverCommunicator - ENTER]
140608717293376 10/22/23 10:59:000:src/drive_communicator.cpp:NBDDriverCommunicator:72:[driver communicator- Failed to open device_path]
140608717293376 10/22/23 10:59:000:./test/refw_test.cpp:InitDevice:124:[Failed to open device_path
]
140623508821824 10/22/23 11:02:152:./test/refw_test.cpp:main:44:[DriverCommunicator - ENTER]
140623508821824 10/22/23 11:02:150:src/drive_communicator.cpp:NBDDriverCommunicator:72:[driver communicator- Failed to open device_path]
140623508821824 10/22/23 11:02:150:./test/refw_test.cpp:InitDevice:124:[Failed to open device_path
]
140443895752512 10/22/23 11:02:292:./test/refw_test.cpp:main:44:[DriverCommunicator - ENTER]
140443895752512 10/22/23 11:02:290:src/drive_communicator.cpp:NBDDriverCommunicator:72:[driver communicator- Failed to open device_path]
140443895752512 10/22/23 11:02:290:./test/refw_test.cpp:InitDevice:125:[Failed to open device_path
]
140024579176256 10/22/23 11:03:172:./test/refw_test.cpp:main:44:[DriverCommunicator - ENTER]
140024579176256 10/22/23 11:03:170:src/drive_communicator.cpp:NBDDriverCommunicator:72:[driver communicator- Failed to open device_path]
140024579176256 10/22/23 11:03:170:./test/refw_test.cpp:InitDevice:125:[Failed to open device_path
]
140406401288000 10/22/23 11:07:402:./test/refw_test.cpp:main:44:[DriverCommunicator - ENTER]
139731365340992 10/22/23 11:09:032:./test/refw_test.cpp:main:44:[DriverCommunicator - ENTER]
140699123603264 10/22/23 11:12:482:./test/refw_test.cpp:main:44:[DriverCommunicator - ENTER]
140518535894848 10/22/23 11:47:402:./test/refw_test.cpp:main:44:[DriverCommunicator - ENTER]
140636152252224 10/22/23 11:48:382:./test/refw_test.cpp:main:44:[DriverCommunicator - ENTER]
139937522468672 10/22/23 12:00:322:./test/refw_test.cpp:main:44:[DriverCommunicator - ENTER]
139758251464512 10/22/23 12:11:342:./test/refw_test.cpp:main:44:[DriverCommunicator - ENTER]
139758244197952 10/22/23 12:11:340:src/drive_communicator.cpp:ThreadFunc:154:[driver communicator- NBD_DO_IT failed]
140648263243584 10/22/23 12:12:482:./test/refw_test.cpp:main:44:[DriverCommunicator - ENTER]
140405492934464 10/22/23 12:33:212:./test/refw_test.cpp:main:44:[DriverCommunicator - ENTER]
140405486122560 10/22/23 12:33:210:src/drive_communicator.cpp:ThreadFunc:154:[driver communicator- NBD_DO_IT failed]
140661114459968 10/22/23 12:34:072:./test/refw_test.cpp:main:44:[DriverCommunicator - ENTER]
139657122543424 10/22/23 12:43:032:./test/refw_test.cpp:main:44:[DriverCommunicator - ENTER]
140432399939392 10/22/23 12:47:232:./test/refw_test.cpp:main:44:[DriverCommunicator - ENTER]
